Build started 12/8/2018 10:56:10 PM.
     1>Project "G:\My Study\LTHĐT\Thực Hành\DoAn\1712277\Do_An_Caro\Do_An_Caro.vcxproj" on node 2 (Build target(s)).
     1>ClCompile:
         C:\Program Files (x86)\Microsoft Visual Studio 12.0\VC\bin\CL.exe /c /Zi /nologo /W3 /WX- /O2 /Oi /Oy- /GL /D WIN32 /D NDEBUG /D _CONSOLE /D _LIB /D _UNICODE /D UNICODE /Gm- /EHsc /MD /GS /Gy /fp:precise /Zc:wchar_t /Zc:forScope /Fo"Release\\" /Fd"Release\vc120.pdb" /Gd /TP /analyze- /errorReport:prompt Board.cpp Game.cpp
         Board.cpp
         Game.cpp
     1>g:\my study\lthđt\thực hành\doan\1712277\do_an_caro\Random.h(9): warning C4244: 'argument' : conversion from 'time_t' to 'unsigned int', possible loss of data
       Link:
         C:\Program Files (x86)\Microsoft Visual Studio 12.0\VC\bin\link.exe /ERRORREPORT:PROMPT /OUT:"G:\My Study\LTHĐT\Thực Hành\DoAn\1712277\Release\Do_An_Caro.exe" /INCREMENTAL:NO /NOLOGO kernel32.lib user32.lib gdi32.lib winspool.lib comdlg32.lib advapi32.lib shell32.lib ole32.lib oleaut32.lib uuid.lib odbc32.lib odbccp32.lib /MANIFEST /MANIFESTUAC:"level='asInvoker' uiAccess='false'" /manifest:embed /DEBUG /PDB:"G:\My Study\LTHĐT\Thực Hành\DoAn\1712277\Release\Do_An_Caro.pdb" /SUBSYSTEM:CONSOLE /OPT:REF /OPT:ICF /LTCG /TLBID:1 /DYNAMICBASE /NXCOMPAT /IMPLIB:"G:\My Study\LTHĐT\Thực Hành\DoAn\1712277\Release\Do_An_Caro.lib" /MACHINE:X86 /SAFESEH Release\Board.obj
         Release\Common.obj
         Release\Game.obj
         Release\main.obj
         Release\Point.obj
         Generating code
     1>g:\my study\lthđt\thực hành\doan\1712277\do_an_caro\board.cpp(330): warning C4715: '_Board::setBoardCom' : not all control paths return a value
         Finished generating code
         Do_An_Caro.vcxproj -> G:\My Study\LTHĐT\Thực Hành\DoAn\1712277\Release\Do_An_Caro.exe
     1>Done Building Project "G:\My Study\LTHĐT\Thực Hành\DoAn\1712277\Do_An_Caro\Do_An_Caro.vcxproj" (Build target(s)).

Build succeeded.

Time Elapsed 00:00:02.45
